<?xml version="1.0" encoding="UTF-8"?>
<!-- Generated by org.testng.reporters.JUnitReportReporter -->
<testsuite hostname="SROTEM" failures="0" tests="1" name="com.resfulTestin.SanityTest" time="1.831" errors="0" timestamp="2023-06-13T15:47:25 IDT" skipped="0">
  <testcase classname="com.resfulTestin.SanityTest" name="testGetPost" time="1.831"/>
  <system-out/>
</testsuite> <!-- com.resfulTestin.SanityTest -->
