<?xml version="1.0" encoding="UTF-8"?>
<!-- Generated by org.testng.reporters.JUnitReportReporter -->
<testsuite hostname="SROTEM" failures="0" tests="1" name="com.newpackage.TestOneSanity" time="1.977" errors="0" timestamp="2023-06-05T10:32:26 IDT" skipped="0">
  <testcase classname="com.newpackage.TestOneSanity" name="sanity" time="1.977"/>
  <system-out/>
</testsuite> <!-- com.newpackage.TestOneSanity -->
